
*** Running vivado
    with args -log codigo.vds -m64 -product Vivado -mode batch -messageDb vivado.pb -notrace -source codigo.tcl


****** Vivado v2019.1 (64-bit)
  **** SW Build 2552052 on Fri May 24 14:47:09 MDT 2019
  **** IP Build 2548770 on Fri May 24 18:01:18 MDT 2019
    ** Copyright 1986-2019 Xilinx, Inc. All Rights Reserved.

source codigo.tcl -notrace
Command: synth_design -top codigo -part xc7a35tcpg236-1
Starting synth_design
Attempting to get a license for feature 'Synthesis' and/or device 'xc7a35t'
INFO: [Common 17-349] Got license for feature 'Synthesis' and/or device 'xc7a35t'
INFO: [Device 21-403] Loading part xc7a35tcpg236-1
INFO: Launching helper process for spawning children vivado processes
INFO: Helper process launched with PID 8317 
---------------------------------------------------------------------------------
Starting RTL Elaboration : Time (s): cpu = 00:00:02 ; elapsed = 00:00:03 . Memory (MB): peak = 1693.090 ; gain = 151.715 ; free physical = 669 ; free virtual = 14135
---------------------------------------------------------------------------------
INFO: [Synth 8-638] synthesizing module 'codigo' [/home/axel/Documentos/laboratorios-arqui-2/Vivado/Lab 3 - EmisorReceptor/Lab 3 - EmisorReceptor.srcs/sources_1/new/codigo.vhd:49]
	Parameter NBITS bound to: 9 - type: integer 
	Parameter NSALIDA bound to: 11 - type: integer 
WARNING: [Synth 8-614] signal 'numero' is read in the process but is not in the sensitivity list [/home/axel/Documentos/laboratorios-arqui-2/Vivado/Lab 3 - EmisorReceptor/Lab 3 - EmisorReceptor.srcs/sources_1/new/codigo.vhd:95]
WARNING: [Synth 8-6014] Unused sequential element limitante3_reg was removed.  [/home/axel/Documentos/laboratorios-arqui-2/Vivado/Lab 3 - EmisorReceptor/Lab 3 - EmisorReceptor.srcs/sources_1/new/codigo.vhd:131]
WARNING: [Synth 8-6014] Unused sequential element limitante4_reg was removed.  [/home/axel/Documentos/laboratorios-arqui-2/Vivado/Lab 3 - EmisorReceptor/Lab 3 - EmisorReceptor.srcs/sources_1/new/codigo.vhd:136]
INFO: [Synth 8-5837] Detected dual asynchronous set and preset for register limitante1_reg in module codigo. This is not a recommended register style for Xilinx devices  [/home/axel/Documentos/laboratorios-arqui-2/Vivado/Lab 3 - EmisorReceptor/Lab 3 - EmisorReceptor.srcs/sources_1/new/codigo.vhd:116]
INFO: [Synth 8-5837] Detected dual asynchronous set and preset for register limitante2_reg in module codigo. This is not a recommended register style for Xilinx devices  [/home/axel/Documentos/laboratorios-arqui-2/Vivado/Lab 3 - EmisorReceptor/Lab 3 - EmisorReceptor.srcs/sources_1/new/codigo.vhd:117]
INFO: [Synth 8-256] done synthesizing module 'codigo' (1#1) [/home/axel/Documentos/laboratorios-arqui-2/Vivado/Lab 3 - EmisorReceptor/Lab 3 - EmisorReceptor.srcs/sources_1/new/codigo.vhd:49]
---------------------------------------------------------------------------------
Finished RTL Elaboration : Time (s): cpu = 00:00:03 ; elapsed = 00:00:04 . Memory (MB): peak = 1746.840 ; gain = 205.465 ; free physical = 690 ; free virtual = 14157
---------------------------------------------------------------------------------

Report Check Netlist: 
+------+------------------+-------+---------+-------+------------------+
|      |Item              |Errors |Warnings |Status |Description       |
+------+------------------+-------+---------+-------+------------------+
|1     |multi_driven_nets |      0|        0|Passed |Multi driven nets |
+------+------------------+-------+---------+-------+------------------+
---------------------------------------------------------------------------------
Start Handling Custom Attributes
---------------------------------------------------------------------------------
---------------------------------------------------------------------------------
Finished Handling Custom Attributes : Time (s): cpu = 00:00:03 ; elapsed = 00:00:05 . Memory (MB): peak = 1749.809 ; gain = 208.434 ; free physical = 687 ; free virtual = 14155
---------------------------------------------------------------------------------
---------------------------------------------------------------------------------
Finished RTL Optimization Phase 1 : Time (s): cpu = 00:00:03 ; elapsed = 00:00:05 . Memory (MB): peak = 1749.809 ; gain = 208.434 ; free physical = 687 ; free virtual = 14155
---------------------------------------------------------------------------------
INFO: [Project 1-570] Preparing netlist for logic optimization

Processing XDC Constraints
Initializing timing engine
Parsing XDC File [/home/axel/Documentos/laboratorios-arqui-2/Vivado/Lab 3 - EmisorReceptor/Lab 3 - EmisorReceptor.srcs/constrs_1/new/cst_codigo.xdc]
Finished Parsing XDC File [/home/axel/Documentos/laboratorios-arqui-2/Vivado/Lab 3 - EmisorReceptor/Lab 3 - EmisorReceptor.srcs/constrs_1/new/cst_codigo.xdc]
INFO: [Project 1-236] Implementation specific constraints were found while reading constraint file [/home/axel/Documentos/laboratorios-arqui-2/Vivado/Lab 3 - EmisorReceptor/Lab 3 - EmisorReceptor.srcs/constrs_1/new/cst_codigo.xdc]. These constraints will be ignored for synthesis but will be used in implementation. Impacted constraints are listed in the file [.Xil/codigo_propImpl.xdc].
Resolution: To avoid this warning, move constraints listed in [.Xil/codigo_propImpl.xdc] to another XDC file and exclude this new file from synthesis with the used_in_synthesis property (File Properties dialog in GUI) and re-run elaboration/synthesis.
Completed Processing XDC Constraints

Netlist sorting complete. Time (s): cpu = 00:00:00 ; elapsed = 00:00:00 . Memory (MB): peak = 1915.527 ; gain = 0.000 ; free physical = 606 ; free virtual = 14088
INFO: [Project 1-111] Unisim Transformation Summary:
No Unisim elements were transformed.

Constraint Validation Runtime : Time (s): cpu = 00:00:00 ; elapsed = 00:00:00.01 . Memory (MB): peak = 1915.527 ; gain = 0.000 ; free physical = 606 ; free virtual = 14088
---------------------------------------------------------------------------------
Finished Constraint Validation : Time (s): cpu = 00:00:07 ; elapsed = 00:00:10 . Memory (MB): peak = 1915.527 ; gain = 374.152 ; free physical = 688 ; free virtual = 14169
---------------------------------------------------------------------------------
---------------------------------------------------------------------------------
Start Loading Part and Timing Information
---------------------------------------------------------------------------------
Loading part: xc7a35tcpg236-1
---------------------------------------------------------------------------------
Finished Loading Part and Timing Information : Time (s): cpu = 00:00:07 ; elapsed = 00:00:10 . Memory (MB): peak = 1915.527 ; gain = 374.152 ; free physical = 688 ; free virtual = 14169
---------------------------------------------------------------------------------
---------------------------------------------------------------------------------
Start Applying 'set_property' XDC Constraints
---------------------------------------------------------------------------------
---------------------------------------------------------------------------------
Finished applying 'set_property' XDC Constraints : Time (s): cpu = 00:00:07 ; elapsed = 00:00:10 . Memory (MB): peak = 1915.527 ; gain = 374.152 ; free physical = 688 ; free virtual = 14169
---------------------------------------------------------------------------------
INFO: [Synth 8-5818] HDL ADVISOR - The operator resource <adder> is shared. To prevent sharing consider applying a KEEP on the output of the operator [/home/axel/Documentos/laboratorios-arqui-2/Vivado/Lab 3 - EmisorReceptor/Lab 3 - EmisorReceptor.srcs/sources_1/new/codigo.vhd:127]
INFO: [Synth 8-5818] HDL ADVISOR - The operator resource <adder> is shared. To prevent sharing consider applying a KEEP on the output of the operator [/home/axel/Documentos/laboratorios-arqui-2/Vivado/Lab 3 - EmisorReceptor/Lab 3 - EmisorReceptor.srcs/sources_1/new/codigo.vhd:127]
---------------------------------------------------------------------------------
Finished RTL Optimization Phase 2 : Time (s): cpu = 00:00:07 ; elapsed = 00:00:10 . Memory (MB): peak = 1915.527 ; gain = 374.152 ; free physical = 680 ; free virtual = 14161
---------------------------------------------------------------------------------

Report RTL Partitions: 
+-+--------------+------------+----------+
| |RTL Partition |Replication |Instances |
+-+--------------+------------+----------+
+-+--------------+------------+----------+
---------------------------------------------------------------------------------
Start RTL Component Statistics 
---------------------------------------------------------------------------------
Detailed RTL Component Info : 
+---Adders : 
	   2 Input     11 Bit       Adders := 1     
+---Registers : 
	               11 Bit    Registers := 1     
	                1 Bit    Registers := 2     
+---Muxes : 
	   4 Input      4 Bit        Muxes := 2     
	   2 Input      1 Bit        Muxes := 3     
---------------------------------------------------------------------------------
Finished RTL Component Statistics 
---------------------------------------------------------------------------------
---------------------------------------------------------------------------------
Start RTL Hierarchical Component Statistics 
---------------------------------------------------------------------------------
Hierarchical RTL Component report 
Module codigo 
Detailed RTL Component Info : 
+---Adders : 
	   2 Input     11 Bit       Adders := 1     
+---Registers : 
	               11 Bit    Registers := 1     
	                1 Bit    Registers := 2     
+---Muxes : 
	   4 Input      4 Bit        Muxes := 2     
	   2 Input      1 Bit        Muxes := 3     
---------------------------------------------------------------------------------
Finished RTL Hierarchical Component Statistics
---------------------------------------------------------------------------------
---------------------------------------------------------------------------------
Start Part Resource Summary
---------------------------------------------------------------------------------
Part Resources:
DSPs: 90 (col length:60)
BRAMs: 100 (col length: RAMB18 60 RAMB36 30)
---------------------------------------------------------------------------------
Finished Part Resource Summary
---------------------------------------------------------------------------------
---------------------------------------------------------------------------------
Start Cross Boundary and Area Optimization
---------------------------------------------------------------------------------
Warning: Parallel synthesis criteria is not met 
---------------------------------------------------------------------------------
Finished Cross Boundary and Area Optimization : Time (s): cpu = 00:00:08 ; elapsed = 00:00:11 . Memory (MB): peak = 1915.527 ; gain = 374.152 ; free physical = 667 ; free virtual = 14152
---------------------------------------------------------------------------------

Report RTL Partitions: 
+-+--------------+------------+----------+
| |RTL Partition |Replication |Instances |
+-+--------------+------------+----------+
+-+--------------+------------+----------+
---------------------------------------------------------------------------------
Start Applying XDC Timing Constraints
---------------------------------------------------------------------------------
---------------------------------------------------------------------------------
Finished Applying XDC Timing Constraints : Time (s): cpu = 00:00:12 ; elapsed = 00:00:15 . Memory (MB): peak = 1915.527 ; gain = 374.152 ; free physical = 538 ; free virtual = 14030
---------------------------------------------------------------------------------
---------------------------------------------------------------------------------
Start Timing Optimization
---------------------------------------------------------------------------------
---------------------------------------------------------------------------------
Finished Timing Optimization : Time (s): cpu = 00:00:12 ; elapsed = 00:00:15 . Memory (MB): peak = 1915.527 ; gain = 374.152 ; free physical = 538 ; free virtual = 14030
---------------------------------------------------------------------------------

Report RTL Partitions: 
+-+--------------+------------+----------+
| |RTL Partition |Replication |Instances |
+-+--------------+------------+----------+
+-+--------------+------------+----------+
---------------------------------------------------------------------------------
Start Technology Mapping
---------------------------------------------------------------------------------
---------------------------------------------------------------------------------
Finished Technology Mapping : Time (s): cpu = 00:00:12 ; elapsed = 00:00:15 . Memory (MB): peak = 1915.527 ; gain = 374.152 ; free physical = 537 ; free virtual = 14029
---------------------------------------------------------------------------------

Report RTL Partitions: 
+-+--------------+------------+----------+
| |RTL Partition |Replication |Instances |
+-+--------------+------------+----------+
+-+--------------+------------+----------+
---------------------------------------------------------------------------------
Start IO Insertion
---------------------------------------------------------------------------------
---------------------------------------------------------------------------------
Start Flattening Before IO Insertion
---------------------------------------------------------------------------------
---------------------------------------------------------------------------------
Finished Flattening Before IO Insertion
---------------------------------------------------------------------------------
---------------------------------------------------------------------------------
Start Final Netlist Cleanup
---------------------------------------------------------------------------------
---------------------------------------------------------------------------------
Finished Final Netlist Cleanup
---------------------------------------------------------------------------------
---------------------------------------------------------------------------------
Finished IO Insertion : Time (s): cpu = 00:00:13 ; elapsed = 00:00:16 . Memory (MB): peak = 1915.527 ; gain = 374.152 ; free physical = 531 ; free virtual = 14024
---------------------------------------------------------------------------------

Report Check Netlist: 
+------+------------------+-------+---------+-------+------------------+
|      |Item              |Errors |Warnings |Status |Description       |
+------+------------------+-------+---------+-------+------------------+
|1     |multi_driven_nets |      0|        0|Passed |Multi driven nets |
+------+------------------+-------+---------+-------+------------------+
---------------------------------------------------------------------------------
Start Renaming Generated Instances
---------------------------------------------------------------------------------
---------------------------------------------------------------------------------
Finished Renaming Generated Instances : Time (s): cpu = 00:00:13 ; elapsed = 00:00:16 . Memory (MB): peak = 1915.527 ; gain = 374.152 ; free physical = 531 ; free virtual = 14024
---------------------------------------------------------------------------------

Report RTL Partitions: 
+-+--------------+------------+----------+
| |RTL Partition |Replication |Instances |
+-+--------------+------------+----------+
+-+--------------+------------+----------+
---------------------------------------------------------------------------------
Start Rebuilding User Hierarchy
---------------------------------------------------------------------------------
---------------------------------------------------------------------------------
Finished Rebuilding User Hierarchy : Time (s): cpu = 00:00:13 ; elapsed = 00:00:16 . Memory (MB): peak = 1915.527 ; gain = 374.152 ; free physical = 531 ; free virtual = 14024
---------------------------------------------------------------------------------
---------------------------------------------------------------------------------
Start Renaming Generated Ports
---------------------------------------------------------------------------------
---------------------------------------------------------------------------------
Finished Renaming Generated Ports : Time (s): cpu = 00:00:13 ; elapsed = 00:00:16 . Memory (MB): peak = 1915.527 ; gain = 374.152 ; free physical = 531 ; free virtual = 14024
---------------------------------------------------------------------------------
---------------------------------------------------------------------------------
Start Handling Custom Attributes
---------------------------------------------------------------------------------
---------------------------------------------------------------------------------
Finished Handling Custom Attributes : Time (s): cpu = 00:00:13 ; elapsed = 00:00:16 . Memory (MB): peak = 1915.527 ; gain = 374.152 ; free physical = 531 ; free virtual = 14024
---------------------------------------------------------------------------------
---------------------------------------------------------------------------------
Start Renaming Generated Nets
---------------------------------------------------------------------------------
---------------------------------------------------------------------------------
Finished Renaming Generated Nets : Time (s): cpu = 00:00:13 ; elapsed = 00:00:16 . Memory (MB): peak = 1915.527 ; gain = 374.152 ; free physical = 531 ; free virtual = 14024
---------------------------------------------------------------------------------
---------------------------------------------------------------------------------
Start Writing Synthesis Report
---------------------------------------------------------------------------------

Report BlackBoxes: 
+-+--------------+----------+
| |BlackBox name |Instances |
+-+--------------+----------+
+-+--------------+----------+

Report Cell Usage: 
+------+-------+------+
|      |Cell   |Count |
+------+-------+------+
|1     |BUFG   |     1|
|2     |CARRY4 |    11|
|3     |LUT1   |     1|
|4     |LUT2   |    23|
|5     |LUT3   |    11|
|6     |LUT4   |    12|
|7     |LUT5   |     8|
|8     |LUT6   |    46|
|9     |FDCE   |    41|
|10    |FDPE   |     2|
|11    |FDRE   |    16|
|12    |LDC    |     2|
|13    |IBUF   |     5|
|14    |OBUF   |    11|
+------+-------+------+

Report Instance Areas: 
+------+---------+-------+------+
|      |Instance |Module |Cells |
+------+---------+-------+------+
|1     |top      |       |   190|
+------+---------+-------+------+
---------------------------------------------------------------------------------
Finished Writing Synthesis Report : Time (s): cpu = 00:00:13 ; elapsed = 00:00:16 . Memory (MB): peak = 1915.527 ; gain = 374.152 ; free physical = 531 ; free virtual = 14024
---------------------------------------------------------------------------------
Synthesis finished with 0 errors, 0 critical warnings and 0 warnings.
Synthesis Optimization Runtime : Time (s): cpu = 00:00:12 ; elapsed = 00:00:14 . Memory (MB): peak = 1915.527 ; gain = 208.434 ; free physical = 584 ; free virtual = 14076
Synthesis Optimization Complete : Time (s): cpu = 00:00:13 ; elapsed = 00:00:16 . Memory (MB): peak = 1915.527 ; gain = 374.152 ; free physical = 584 ; free virtual = 14076
INFO: [Project 1-571] Translating synthesized netlist
INFO: [Netlist 29-17] Analyzing 13 Unisim elements for replacement
INFO: [Netlist 29-28] Unisim Transformation completed in 0 CPU seconds
INFO: [Project 1-570] Preparing netlist for logic optimization
INFO: [Opt 31-138] Pushed 0 inverter(s) to 0 load pin(s).
Netlist sorting complete. Time (s): cpu = 00:00:00 ; elapsed = 00:00:00 . Memory (MB): peak = 1918.496 ; gain = 0.000 ; free physical = 532 ; free virtual = 14025
INFO: [Project 1-111] Unisim Transformation Summary:
  A total of 2 instances were transformed.
  LDC => LDCE: 2 instances

INFO: [Common 17-83] Releasing license: Synthesis
18 Infos, 3 Warnings, 0 Critical Warnings and 0 Errors encountered.
synth_design completed successfully
synth_design: Time (s): cpu = 00:00:17 ; elapsed = 00:00:20 . Memory (MB): peak = 1918.496 ; gain = 494.469 ; free physical = 631 ; free virtual = 14124
Netlist sorting complete. Time (s): cpu = 00:00:00 ; elapsed = 00:00:00 . Memory (MB): peak = 1918.496 ; gain = 0.000 ; free physical = 631 ; free virtual = 14124
WARNING: [Constraints 18-5210] No constraints selected for write.
Resolution: This message can indicate that there are no constraints for the design, or it can indicate that the used_in flags are set such that the constraints are ignored. This later case is used when running synth_design to not write synthesis constraints to the resulting checkpoint. Instead, project constraints are read when the synthesized design is opened.
INFO: [Common 17-1381] The checkpoint '/home/axel/Documentos/laboratorios-arqui-2/Vivado/Lab 3 - EmisorReceptor/Lab 3 - EmisorReceptor.runs/synth_1/codigo.dcp' has been generated.
INFO: [runtcl-4] Executing : report_utilization -file codigo_utilization_synth.rpt -pb codigo_utilization_synth.pb
INFO: [Common 17-206] Exiting Vivado at Fri Sep  6 07:19:01 2019...
